<?xml version="1.0" encoding="UTF-8"?>
<!-- Generated by org.testng.reporters.JUnitReportReporter -->
<testsuite skipped="0" hostname="Swapnil-PC" name="testCases.DemoTest" tests="1" failures="0" timestamp="19 Aug 2019 06:46:29 GMT" time="12.447" errors="0">
  <testcase name="demo" time="12.447" classname="testCases.DemoTest"/>
</testsuite> <!-- testCases.DemoTest -->
